# NestJS Homework Project

## üìå –û–ø–∏—Å –ø—Ä–æ—î–∫—Ç—É
–¶–µ–π —Ä–µ–ø–æ–∑–∏—Ç–æ—Ä—ñ–π –º—ñ—Å—Ç–∏—Ç—å –±–∞–∑–æ–≤–∏–π NestJS-–ø—Ä–æ—î–∫—Ç, —Å—Ç–≤–æ—Ä–µ–Ω–∏–π —è–∫ —Ñ—É–Ω–¥–∞–º–µ–Ω—Ç –¥–ª—è –ø–æ–¥–∞–ª—å—à–æ—ó —Ä–æ–∑—Ä–æ–±–∫–∏ —Å–µ—Ä–≤–µ—Ä–Ω–æ–≥–æ –∑–∞—Å—Ç–æ—Å—É–Ω–∫—É.


## üõ† –¢–µ—Ö–Ω–æ–ª–æ–≥—ñ—ó
- **Node.js**: LTS –≤–µ—Ä—Å—ñ—è  
- **NestJS**: —Ñ—Ä–µ–π–º–≤–æ—Ä–∫ –¥–ª—è –ø–æ–±—É–¥–æ–≤–∏ —Å–µ—Ä–≤–µ—Ä–Ω–∏—Ö –∑–∞—Å—Ç–æ—Å—É–Ω–∫—ñ–≤
- **TypeScript**: –æ—Å–Ω–æ–≤–Ω–∞ –º–æ–≤–∞ —Ä–æ–∑—Ä–æ–±–∫–∏
- **dotenv / ConfigModule**: —Ä–æ–±–æ—Ç–∞ –∑ environment variables


## üìÇ –°—Ç—Ä—É–∫—Ç—É—Ä–∞ –ø—Ä–æ—î–∫—Ç—É
src/
‚îú‚îÄ main.ts # –¢–æ—á–∫–∞ –≤—Ö–æ–¥—É, –Ω–∞–ª–∞—à—Ç—É–≤–∞–Ω–Ω—è ValidationPipe —Ç–∞ –≥–ª–æ–±–∞–ª—å–Ω–∏—Ö ExceptionFilter

‚îú‚îÄ app.module.ts # –ì–æ–ª–æ–≤–Ω–∏–π –º–æ–¥—É–ª—å

‚îú‚îÄ users/ # UsersModule ‚Äî –æ–∫—Ä–µ–º–∏–π feature-–º–æ–¥—É–ª—å

‚îÇ ‚îú‚îÄ users.module.ts # –î–µ–∫–ª–∞—Ä–∞—Ü—ñ—è —Ç–∞ –µ–∫—Å–ø–æ—Ä—Ç –∑–∞–ª–µ–∂–Ω–æ—Å—Ç–µ–π

‚îÇ ‚îú‚îÄ users.controller.ts # –û–±—Ä–æ–±–∫–∞ HTTP-–∑–∞–ø–∏—Ç—ñ–≤

‚îÇ ‚îú‚îÄ users.service.ts # –ë—ñ–∑–Ω–µ—Å-–ª–æ–≥—ñ–∫–∞

## ‚öôÔ∏è –ö–æ–Ω—Ñ—ñ–≥—É—Ä–∞—Ü—ñ—è —Å–µ—Ä–µ–¥–æ–≤–∏—â–∞
–î–ª—è —Ä–æ–±–æ—Ç–∏ –∑ –∫–æ–Ω—Ñ—ñ–≥—É—Ä–∞—Ü—ñ—î—é –≤–∏–∫–æ—Ä–∏—Å—Ç–æ–≤—É—î—Ç—å—Å—è `@nestjs/config` –∑ –≥–ª–æ–±–∞–ª—å–Ω–∏–º –¥–æ—Å—Ç—É–ø–æ–º.


### –§–∞–π–ª–∏ —Å–µ—Ä–µ–¥–æ–≤–∏—â–∞:
- `.env.local` ‚Äî –ª–æ–∫–∞–ª—å–Ω–µ —Å–µ—Ä–µ–¥–æ–≤–∏—â–µ  
- `.env.dev` ‚Äî dev —Å–µ—Ä–µ–¥–æ–≤–∏—â–µ  
- `.env.prod` ‚Äî production —Å–µ—Ä–µ–¥–æ–≤–∏—â–µ  
- `.env.example` ‚Äî –ø—Ä–∏–∫–ª–∞–¥ –∑–º—ñ–Ω–Ω–∏—Ö —Å–µ—Ä–µ–¥–æ–≤–∏—â–∞ 


## ‚ñ∂Ô∏è –ó–∞–ø—É—Å–∫ –ø—Ä–æ—î–∫—Ç—É
```bash
npm install
```

```bash
npm run start:dev
```

–ó–∞—Å—Ç–æ—Å—É–Ω–æ–∫ –±—É–¥–µ –¥–æ—Å—Ç—É–ø–Ω–∏–π –∑–∞ –∞–¥—Ä–µ—Å–æ—é: http://localhost:PORT


## üß† –ë–∞—á–µ–Ω–Ω—è
- –ú–æ–¥—É–ª—å–Ω—ñ—Å—Ç—å ‚Äî –∫–æ–∂–Ω–∞ –±—ñ–∑–Ω–µ—Å-–æ–±–ª–∞—Å—Ç—å –≤–∏–¥—ñ–ª–µ–Ω–∞ –≤ –æ–∫—Ä–µ–º–∏–π –º–æ–¥—É–ª—å
- –ú–∞—Å—à—Ç–∞–±–æ–≤–∞–Ω—ñ—Å—Ç—å ‚Äî –ª–µ–≥–∫–æ –¥–æ–¥–∞–≤–∞—Ç–∏ –Ω–æ–≤—ñ feature-–º–æ–¥—É–ª—ñ
- –¢–∏–ø—ñ–∑–∞—Ü—ñ—è ‚Äî TypeScript –∑–∞–±–µ–∑–ø–µ—á—É—î –±–µ–∑–ø–µ—á–Ω—É —Ä–æ–±–æ—Ç—É –∑ –¥–∞–Ω–∏–º–∏
- –ö–æ–Ω—Ñ—ñ–≥—É—Ä–∞—Ü—ñ—è —Å–µ—Ä–µ–¥–æ–≤–∏—â–∞ ‚Äî —Ü–µ–Ω—Ç—Ä–∞–ª—ñ–∑–æ–≤–∞–Ω–∞ —Ç–∞ –∑—Ä–æ–∑—É–º—ñ–ª–∞ —Å—Ç—Ä—É–∫—Ç—É—Ä–∞


### Concurrency & Data Consistency

- Oversell protection is implemented using pessimistic locking.
- Product rows are locked inside a database transaction before stock updates
- This guarantees consistency under concurrent requests and prevents overselling
- All write operations are executed inside a transaction with: automatic rollback on error and guaranteed queryRunner release

### Error Handling & Idempotency
- 409 Conflict is returned when there is insufficient stock
(business rule violation)
- Duplicate idempotencyKey requests return the existing order
(idempotent behavior)
- Transaction safety ensures no partial writes or leaked connections

### Performance Optimization
! EXPLAIN ANALYZE was executed before and after index creation to validate query performance.
Hot query identified: order listing with filters and multiple JOINs, heavily used in the admin panel.
Optimization applied:
- Added a composite index: orders (status, created_at DESC)
- This optimizes:
  - - filtering by order status
  - - sorting by creation date (latest first)

## SQL Optimization: orders query

### EXPLAIN ANALYZE (before index):
Limit  (cost=13.01..13.02 rows=1 width=310) (actual time=3.871..3.873 rows=2 loops=1)
  ->  Sort  (cost=13.01..13.02 rows=1 width=310) (actual time=3.869..3.870 rows=2 loops=1)
        Sort Key: created_at DESC
        Sort Method: quicksort  Memory: 25kB
        ->  Seq Scan on orders  (cost=0.00..13.00 rows=1 width=310) (actual time=0.029..0.029 rows=2 loops=1)
              Filter: (status = 'CREATED'::orders_status_enum)
Planning Time: 4.354 ms
Execution Time: 6.584 ms

### EXPLAIN ANALYZE (after index):
Limit  (cost=1.03..1.04 rows=1 width=310) (actual time=0.039..0.040 rows=2 loops=1)
  ->  Sort  (cost=1.03..1.04 rows=1 width=310) (actual time=0.038..0.039 rows=2 loops=1)
        Sort Key: created_at DESC
        Sort Method: quicksort  Memory: 25kB
        ->  Seq Scan on orders  (cost=0.00..1.02 rows=1 width=310) (actual time=0.015..0.016 rows=2 loops=1)
              Filter: (status = 'CREATED'::orders_status_enum)
Planning Time: 4.494 ms
Execution Time: 0.071 ms

- **Execution Time –∑–º–µ–Ω—à–∏–≤—Å—è**:  ~ —É 93 —Ä–∞–∑–∏ (6.584 ‚Üí 0.071 ms)
- **Estimated cost –∑–º–µ–Ω—à–∏–≤—Å—è**: (13 ‚Üí 1)
